<?xml version="1.0" encoding="UTF-8"?>
<testsuite xmlns:xsi="http://www.w3.org/2001/XMLSchema-instance" xsi:noNamespaceSchemaLocation="https://maven.apache.org/surefire/maven-surefire-plugin/xsd/surefire-test-report-3.0.xsd" version="3.0" name="com.enterprise.integrated.IntegratedServicesApplicationTests" time="3.22" tests="1" errors="0" skipped="0" failures="0">
  <properties>
    <property name="java.specification.version" value="17"/>
    <property name="sun.jnu.encoding" value="UTF-8"/>
    <property name="java.class.path" value="/Users/alone/Desktop/integrated-services-java17/target/test-classes:/Users/alone/Desktop/integrated-services-java17/target/classes:/Users/alone/.m2/repository/org/springframework/boot/spring-boot-starter-web/3.1.5/spring-boot-starter-web-3.1.5.jar:/Users/alone/.m2/repository/org/springframework/boot/spring-boot-starter/3.1.5/spring-boot-starter-3.1.5.jar:/Users/alone/.m2/repository/org/springframework/boot/spring-boot/3.1.5/spring-boot-3.1.5.jar:/Users/alone/.m2/repository/org/springframework/boot/spring-boot-starter-logging/3.1.5/spring-boot-starter-logging-3.1.5.jar:/Users/alone/.m2/repository/ch/qos/logback/logback-classic/1.4.11/logback-classic-1.4.11.jar:/Users/alone/.m2/repository/ch/qos/logback/logback-core/1.4.11/logback-core-1.4.11.jar:/Users/alone/.m2/repository/org/apache/logging/log4j/log4j-to-slf4j/2.20.0/log4j-to-slf4j-2.20.0.jar:/Users/alone/.m2/repository/org/apache/logging/log4j/log4j-api/2.20.0/log4j-api-2.20.0.jar:/Users/alone/.m2/repository/org/slf4j/jul-to-slf4j/2.0.9/jul-to-slf4j-2.0.9.jar:/Users/alone/.m2/repository/org/yaml/snakeyaml/1.33/snakeyaml-1.33.jar:/Users/alone/.m2/repository/org/springframework/boot/spring-boot-starter-json/3.1.5/spring-boot-starter-json-3.1.5.jar:/Users/alone/.m2/repository/com/fasterxml/jackson/datatype/jackson-datatype-jdk8/2.15.3/jackson-datatype-jdk8-2.15.3.jar:/Users/alone/.m2/repository/com/fasterxml/jackson/datatype/jackson-datatype-jsr310/2.15.3/jackson-datatype-jsr310-2.15.3.jar:/Users/alone/.m2/repository/com/fasterxml/jackson/module/jackson-module-parameter-names/2.15.3/jackson-module-parameter-names-2.15.3.jar:/Users/alone/.m2/repository/org/springframework/boot/spring-boot-starter-tomcat/3.1.5/spring-boot-starter-tomcat-3.1.5.jar:/Users/alone/.m2/repository/org/apache/tomcat/embed/tomcat-embed-core/10.1.15/tomcat-embed-core-10.1.15.jar:/Users/alone/.m2/repository/org/apache/tomcat/embed/tomcat-embed-websocket/10.1.15/tomcat-embed-websocket-10.1.15.jar:/Users/alone/.m2/repository/org/springframework/spring-web/6.0.13/spring-web-6.0.13.jar:/Users/alone/.m2/repository/org/springframework/spring-beans/6.0.13/spring-beans-6.0.13.jar:/Users/alone/.m2/repository/org/springframework/spring-webmvc/6.0.13/spring-webmvc-6.0.13.jar:/Users/alone/.m2/repository/org/springframework/spring-context/6.0.13/spring-context-6.0.13.jar:/Users/alone/.m2/repository/org/springframework/spring-expression/6.0.13/spring-expression-6.0.13.jar:/Users/alone/.m2/repository/org/springframework/boot/spring-boot-starter-validation/3.1.5/spring-boot-starter-validation-3.1.5.jar:/Users/alone/.m2/repository/org/apache/tomcat/embed/tomcat-embed-el/10.1.15/tomcat-embed-el-10.1.15.jar:/Users/alone/.m2/repository/org/hibernate/validator/hibernate-validator/8.0.1.Final/hibernate-validator-8.0.1.Final.jar:/Users/alone/.m2/repository/jakarta/validation/jakarta.validation-api/3.0.2/jakarta.validation-api-3.0.2.jar:/Users/alone/.m2/repository/org/jboss/logging/jboss-logging/3.5.3.Final/jboss-logging-3.5.3.Final.jar:/Users/alone/.m2/repository/com/fasterxml/classmate/1.5.1/classmate-1.5.1.jar:/Users/alone/.m2/repository/org/springframework/boot/spring-boot-starter-security/3.1.5/spring-boot-starter-security-3.1.5.jar:/Users/alone/.m2/repository/org/springframework/spring-aop/6.0.13/spring-aop-6.0.13.jar:/Users/alone/.m2/repository/org/springframework/security/spring-security-config/6.1.5/spring-security-config-6.1.5.jar:/Users/alone/.m2/repository/org/springframework/security/spring-security-web/6.1.5/spring-security-web-6.1.5.jar:/Users/alone/.m2/repository/org/springframework/boot/spring-boot-starter-data-redis/3.1.5/spring-boot-starter-data-redis-3.1.5.jar:/Users/alone/.m2/repository/org/springframework/data/spring-data-redis/3.1.5/spring-data-redis-3.1.5.jar:/Users/alone/.m2/repository/org/springframework/data/spring-data-keyvalue/3.1.5/spring-data-keyvalue-3.1.5.jar:/Users/alone/.m2/repository/org/springframework/data/spring-data-commons/3.1.5/spring-data-commons-3.1.5.jar:/Users/alone/.m2/repository/org/springframework/spring-tx/6.0.13/spring-tx-6.0.13.jar:/Users/alone/.m2/repository/org/springframework/spring-oxm/6.0.13/spring-oxm-6.0.13.jar:/Users/alone/.m2/repository/org/springframework/spring-context-support/6.0.13/spring-context-support-6.0.13.jar:/Users/alone/.m2/repository/io/lettuce/lettuce-core/6.2.6.RELEASE/lettuce-core-6.2.6.RELEASE.jar:/Users/alone/.m2/repository/io/netty/netty-common/4.1.100.Final/netty-common-4.1.100.Final.jar:/Users/alone/.m2/repository/io/netty/netty-handler/4.1.100.Final/netty-handler-4.1.100.Final.jar:/Users/alone/.m2/repository/io/netty/netty-transport-native-unix-common/4.1.100.Final/netty-transport-native-unix-common-4.1.100.Final.jar:/Users/alone/.m2/repository/io/netty/netty-transport/4.1.100.Final/netty-transport-4.1.100.Final.jar:/Users/alone/.m2/repository/io/projectreactor/reactor-core/3.5.11/reactor-core-3.5.11.jar:/Users/alone/.m2/repository/org/springframework/boot/spring-boot-starter-actuator/3.1.5/spring-boot-starter-actuator-3.1.5.jar:/Users/alone/.m2/repository/org/springframework/boot/spring-boot-actuator-autoconfigure/3.1.5/spring-boot-actuator-autoconfigure-3.1.5.jar:/Users/alone/.m2/repository/org/springframework/boot/spring-boot-actuator/3.1.5/spring-boot-actuator-3.1.5.jar:/Users/alone/.m2/repository/io/micrometer/micrometer-observation/1.11.5/micrometer-observation-1.11.5.jar:/Users/alone/.m2/repository/io/micrometer/micrometer-commons/1.11.5/micrometer-commons-1.11.5.jar:/Users/alone/.m2/repository/io/micrometer/micrometer-core/1.11.5/micrometer-core-1.11.5.jar:/Users/alone/.m2/repository/org/hdrhistogram/HdrHistogram/2.1.12/HdrHistogram-2.1.12.jar:/Users/alone/.m2/repository/org/latencyutils/LatencyUtils/2.0.3/LatencyUtils-2.0.3.jar:/Users/alone/.m2/repository/org/springframework/boot/spring-boot-starter-aop/3.1.5/spring-boot-starter-aop-3.1.5.jar:/Users/alone/.m2/repository/org/aspectj/aspectjweaver/1.9.20/aspectjweaver-1.9.20.jar:/Users/alone/.m2/repository/com/alibaba/cloud/spring-cloud-starter-alibaba-nacos-config/2022.0.0.0/spring-cloud-starter-alibaba-nacos-config-2022.0.0.0.jar:/Users/alone/.m2/repository/com/alibaba/cloud/spring-cloud-alibaba-commons/2022.0.0.0/spring-cloud-alibaba-commons-2022.0.0.0.jar:/Users/alone/.m2/repository/com/alibaba/spring/spring-context-support/1.0.11/spring-context-support-1.0.11.jar:/Users/alone/.m2/repository/com/alibaba/nacos/nacos-client/2.2.1/nacos-client-2.2.1.jar:/Users/alone/.m2/repository/com/alibaba/nacos/nacos-auth-plugin/2.2.1/nacos-auth-plugin-2.2.1.jar:/Users/alone/.m2/repository/com/alibaba/nacos/nacos-encryption-plugin/2.2.1/nacos-encryption-plugin-2.2.1.jar:/Users/alone/.m2/repository/commons-codec/commons-codec/1.15/commons-codec-1.15.jar:/Users/alone/.m2/repository/com/fasterxml/jackson/core/jackson-core/2.15.3/jackson-core-2.15.3.jar:/Users/alone/.m2/repository/org/apache/httpcomponents/httpasyncclient/4.1.5/httpasyncclient-4.1.5.jar:/Users/alone/.m2/repository/org/apache/httpcomponents/httpcore/4.4.16/httpcore-4.4.16.jar:/Users/alone/.m2/repository/org/apache/httpcomponents/httpcore-nio/4.4.16/httpcore-nio-4.4.16.jar:/Users/alone/.m2/repository/org/apache/httpcomponents/httpclient/4.5.13/httpclient-4.5.13.jar:/Users/alone/.m2/repository/io/prometheus/simpleclient/0.16.0/simpleclient-0.16.0.jar:/Users/alone/.m2/repository/io/prometheus/simpleclient_tracer_otel/0.16.0/simpleclient_tracer_otel-0.16.0.jar:/Users/alone/.m2/repository/io/prometheus/simpleclient_tracer_common/0.16.0/simpleclient_tracer_common-0.16.0.jar:/Users/alone/.m2/repository/io/prometheus/simpleclient_tracer_otel_agent/0.16.0/simpleclient_tracer_otel_agent-0.16.0.jar:/Users/alone/.m2/repository/org/springframework/cloud/spring-cloud-commons/4.0.4/spring-cloud-commons-4.0.4.jar:/Users/alone/.m2/repository/org/springframework/security/spring-security-crypto/6.1.5/spring-security-crypto-6.1.5.jar:/Users/alone/.m2/repository/org/springframework/cloud/spring-cloud-context/4.0.4/spring-cloud-context-4.0.4.jar:/Users/alone/.m2/repository/org/slf4j/slf4j-api/2.0.9/slf4j-api-2.0.9.jar:/Users/alone/.m2/repository/jakarta/annotation/jakarta.annotation-api/2.1.1/jakarta.annotation-api-2.1.1.jar:/Users/alone/.m2/repository/com/alibaba/cloud/spring-cloud-starter-alibaba-nacos-discovery/2022.0.0.0/spring-cloud-starter-alibaba-nacos-discovery-2022.0.0.0.jar:/Users/alone/.m2/repository/com/alibaba/cloud/spring-cloud-starter-alibaba-sentinel/2022.0.0.0/spring-cloud-starter-alibaba-sentinel-2022.0.0.0.jar:/Users/alone/.m2/repository/com/alibaba/csp/sentinel-transport-simple-http/1.8.6/sentinel-transport-simple-http-1.8.6.jar:/Users/alone/.m2/repository/com/alibaba/csp/sentinel-transport-common/1.8.6/sentinel-transport-common-1.8.6.jar:/Users/alone/.m2/repository/com/alibaba/csp/sentinel-datasource-extension/1.8.6/sentinel-datasource-extension-1.8.6.jar:/Users/alone/.m2/repository/com/alibaba/fastjson/1.2.83_noneautotype/fastjson-1.2.83_noneautotype.jar:/Users/alone/.m2/repository/com/alibaba/csp/sentinel-annotation-aspectj/1.8.6/sentinel-annotation-aspectj-1.8.6.jar:/Users/alone/.m2/repository/com/alibaba/csp/sentinel-core/1.8.6/sentinel-core-1.8.6.jar:/Users/alone/.m2/repository/com/alibaba/cloud/spring-cloud-circuitbreaker-sentinel/2022.0.0.0/spring-cloud-circuitbreaker-sentinel-2022.0.0.0.jar:/Users/alone/.m2/repository/com/alibaba/csp/sentinel-reactor-adapter/1.8.6/sentinel-reactor-adapter-1.8.6.jar:/Users/alone/.m2/repository/com/alibaba/csp/sentinel-spring-webflux-adapter/1.8.6/sentinel-spring-webflux-adapter-1.8.6.jar:/Users/alone/.m2/repository/com/alibaba/csp/sentinel-spring-webmvc-6x-adapter/1.8.6/sentinel-spring-webmvc-6x-adapter-1.8.6.jar:/Users/alone/.m2/repository/com/alibaba/csp/sentinel-parameter-flow-control/1.8.6/sentinel-parameter-flow-control-1.8.6.jar:/Users/alone/.m2/repository/com/googlecode/concurrentlinkedhashmap/concurrentlinkedhashmap-lru/1.4.2/concurrentlinkedhashmap-lru-1.4.2.jar:/Users/alone/.m2/repository/com/alibaba/csp/sentinel-cluster-server-default/1.8.6/sentinel-cluster-server-default-1.8.6.jar:/Users/alone/.m2/repository/com/alibaba/csp/sentinel-cluster-common-default/1.8.6/sentinel-cluster-common-default-1.8.6.jar:/Users/alone/.m2/repository/com/alibaba/csp/sentinel-cluster-client-default/1.8.6/sentinel-cluster-client-default-1.8.6.jar:/Users/alone/.m2/repository/com/alibaba/cloud/spring-cloud-alibaba-sentinel-datasource/2022.0.0.0/spring-cloud-alibaba-sentinel-datasource-2022.0.0.0.jar:/Users/alone/.m2/repository/com/baomidou/mybatis-plus-boot-starter/3.5.3.2/mybatis-plus-boot-starter-3.5.3.2.jar:/Users/alone/.m2/repository/com/baomidou/mybatis-plus/3.5.3.2/mybatis-plus-3.5.3.2.jar:/Users/alone/.m2/repository/com/baomidou/mybatis-plus-extension/3.5.3.2/mybatis-plus-extension-3.5.3.2.jar:/Users/alone/.m2/repository/com/baomidou/mybatis-plus-core/3.5.3.2/mybatis-plus-core-3.5.3.2.jar:/Users/alone/.m2/repository/com/baomidou/mybatis-plus-annotation/3.5.3.2/mybatis-plus-annotation-3.5.3.2.jar:/Users/alone/.m2/repository/com/github/jsqlparser/jsqlparser/4.6/jsqlparser-4.6.jar:/Users/alone/.m2/repository/org/mybatis/mybatis/3.5.13/mybatis-3.5.13.jar:/Users/alone/.m2/repository/org/mybatis/mybatis-spring/2.1.1/mybatis-spring-2.1.1.jar:/Users/alone/.m2/repository/org/springframework/boot/spring-boot-autoconfigure/3.1.5/spring-boot-autoconfigure-3.1.5.jar:/Users/alone/.m2/repository/org/springframework/boot/spring-boot-starter-jdbc/3.1.5/spring-boot-starter-jdbc-3.1.5.jar:/Users/alone/.m2/repository/com/zaxxer/HikariCP/5.0.1/HikariCP-5.0.1.jar:/Users/alone/.m2/repository/org/springframework/spring-jdbc/6.0.13/spring-jdbc-6.0.13.jar:/Users/alone/.m2/repository/com/alibaba/druid-spring-boot-starter/1.2.20/druid-spring-boot-starter-1.2.20.jar:/Users/alone/.m2/repository/com/alibaba/druid/1.2.20/druid-1.2.20.jar:/Users/alone/.m2/repository/org/glassfish/jaxb/jaxb-runtime/4.0.3/jaxb-runtime-4.0.3.jar:/Users/alone/.m2/repository/org/glassfish/jaxb/jaxb-core/4.0.3/jaxb-core-4.0.3.jar:/Users/alone/.m2/repository/org/eclipse/angus/angus-activation/2.0.1/angus-activation-2.0.1.jar:/Users/alone/.m2/repository/org/glassfish/jaxb/txw2/4.0.3/txw2-4.0.3.jar:/Users/alone/.m2/repository/com/sun/istack/istack-commons-runtime/4.1.2/istack-commons-runtime-4.1.2.jar:/Users/alone/.m2/repository/com/mysql/mysql-connector-j/8.0.33/mysql-connector-j-8.0.33.jar:/Users/alone/.m2/repository/org/redisson/redisson-spring-boot-starter/3.24.3/redisson-spring-boot-starter-3.24.3.jar:/Users/alone/.m2/repository/org/redisson/redisson/3.24.3/redisson-3.24.3.jar:/Users/alone/.m2/repository/io/netty/netty-codec/4.1.100.Final/netty-codec-4.1.100.Final.jar:/Users/alone/.m2/repository/io/netty/netty-buffer/4.1.100.Final/netty-buffer-4.1.100.Final.jar:/Users/alone/.m2/repository/io/netty/netty-resolver/4.1.100.Final/netty-resolver-4.1.100.Final.jar:/Users/alone/.m2/repository/io/netty/netty-resolver-dns/4.1.100.Final/netty-resolver-dns-4.1.100.Final.jar:/Users/alone/.m2/repository/io/netty/netty-codec-dns/4.1.100.Final/netty-codec-dns-4.1.100.Final.jar:/Users/alone/.m2/repository/javax/cache/cache-api/1.1.1/cache-api-1.1.1.jar:/Users/alone/.m2/repository/org/reactivestreams/reactive-streams/1.0.4/reactive-streams-1.0.4.jar:/Users/alone/.m2/repository/io/reactivex/rxjava3/rxjava/3.1.8/rxjava-3.1.8.jar:/Users/alone/.m2/repository/org/jboss/marshalling/jboss-marshalling/2.0.11.Final/jboss-marshalling-2.0.11.Final.jar:/Users/alone/.m2/repository/org/jboss/marshalling/jboss-marshalling-river/2.0.11.Final/jboss-marshalling-river-2.0.11.Final.jar:/Users/alone/.m2/repository/com/esotericsoftware/kryo/5.5.0/kryo-5.5.0.jar:/Users/alone/.m2/repository/com/esotericsoftware/reflectasm/1.11.9/reflectasm-1.11.9.jar:/Users/alone/.m2/repository/com/esotericsoftware/minlog/1.3.1/minlog-1.3.1.jar:/Users/alone/.m2/repository/com/fasterxml/jackson/core/jackson-annotations/2.15.3/jackson-annotations-2.15.3.jar:/Users/alone/.m2/repository/com/fasterxml/jackson/dataformat/jackson-dataformat-yaml/2.15.3/jackson-dataformat-yaml-2.15.3.jar:/Users/alone/.m2/repository/net/bytebuddy/byte-buddy/1.14.9/byte-buddy-1.14.9.jar:/Users/alone/.m2/repository/org/jodd/jodd-bean/5.1.6/jodd-bean-5.1.6.jar:/Users/alone/.m2/repository/org/jodd/jodd-core/5.1.6/jodd-core-5.1.6.jar:/Users/alone/.m2/repository/org/redisson/redisson-spring-data-31/3.24.3/redisson-spring-data-31-3.24.3.jar:/Users/alone/.m2/repository/cn/hutool/hutool-all/5.8.22/hutool-all-5.8.22.jar:/Users/alone/.m2/repository/com/alibaba/fastjson2/fastjson2/2.0.42/fastjson2-2.0.42.jar:/Users/alone/.m2/repository/com/github/xiaoymin/knife4j-openapi3-jakarta-spring-boot-starter/4.3.0/knife4j-openapi3-jakarta-spring-boot-starter-4.3.0.jar:/Users/alone/.m2/repository/com/github/xiaoymin/knife4j-core/4.3.0/knife4j-core-4.3.0.jar:/Users/alone/.m2/repository/com/github/xiaoymin/knife4j-openapi3-ui/4.3.0/knife4j-openapi3-ui-4.3.0.jar:/Users/alone/.m2/repository/org/springdoc/springdoc-openapi-starter-webmvc-ui/2.0.4/springdoc-openapi-starter-webmvc-ui-2.0.4.jar:/Users/alone/.m2/repository/org/springdoc/springdoc-openapi-starter-webmvc-api/2.0.4/springdoc-openapi-starter-webmvc-api-2.0.4.jar:/Users/alone/.m2/repository/org/springdoc/springdoc-openapi-starter-common/2.0.4/springdoc-openapi-starter-common-2.0.4.jar:/Users/alone/.m2/repository/io/swagger/core/v3/swagger-core-jakarta/2.2.8/swagger-core-jakarta-2.2.8.jar:/Users/alone/.m2/repository/org/apache/commons/commons-lang3/3.12.0/commons-lang3-3.12.0.jar:/Users/alone/.m2/repository/io/swagger/core/v3/swagger-annotations-jakarta/2.2.8/swagger-annotations-jakarta-2.2.8.jar:/Users/alone/.m2/repository/io/swagger/core/v3/swagger-models-jakarta/2.2.8/swagger-models-jakarta-2.2.8.jar:/Users/alone/.m2/repository/org/webjars/swagger-ui/4.18.1/swagger-ui-4.18.1.jar:/Users/alone/.m2/repository/org/webjars/webjars-locator-core/0.52/webjars-locator-core-0.52.jar:/Users/alone/.m2/repository/io/github/classgraph/classgraph/4.8.149/classgraph-4.8.149.jar:/Users/alone/.m2/repository/io/micrometer/micrometer-registry-prometheus/1.11.5/micrometer-registry-prometheus-1.11.5.jar:/Users/alone/.m2/repository/io/prometheus/simpleclient_common/0.16.0/simpleclient_common-0.16.0.jar:/Users/alone/.m2/repository/io/jsonwebtoken/jjwt-api/0.11.5/jjwt-api-0.11.5.jar:/Users/alone/.m2/repository/io/jsonwebtoken/jjwt-impl/0.11.5/jjwt-impl-0.11.5.jar:/Users/alone/.m2/repository/io/jsonwebtoken/jjwt-jackson/0.11.5/jjwt-jackson-0.11.5.jar:/Users/alone/.m2/repository/com/fasterxml/jackson/core/jackson-databind/2.15.3/jackson-databind-2.15.3.jar:/Users/alone/.m2/repository/org/springframework/boot/spring-boot-starter-test/3.1.5/spring-boot-starter-test-3.1.5.jar:/Users/alone/.m2/repository/org/springframework/boot/spring-boot-test/3.1.5/spring-boot-test-3.1.5.jar:/Users/alone/.m2/repository/org/springframework/boot/spring-boot-test-autoconfigure/3.1.5/spring-boot-test-autoconfigure-3.1.5.jar:/Users/alone/.m2/repository/com/jayway/jsonpath/json-path/2.8.0/json-path-2.8.0.jar:/Users/alone/.m2/repository/jakarta/xml/bind/jakarta.xml.bind-api/4.0.1/jakarta.xml.bind-api-4.0.1.jar:/Users/alone/.m2/repository/jakarta/activation/jakarta.activation-api/2.1.2/jakarta.activation-api-2.1.2.jar:/Users/alone/.m2/repository/net/minidev/json-smart/2.4.11/json-smart-2.4.11.jar:/Users/alone/.m2/repository/net/minidev/accessors-smart/2.4.11/accessors-smart-2.4.11.jar:/Users/alone/.m2/repository/org/ow2/asm/asm/9.3/asm-9.3.jar:/Users/alone/.m2/repository/org/assertj/assertj-core/3.24.2/assertj-core-3.24.2.jar:/Users/alone/.m2/repository/org/hamcrest/hamcrest/2.2/hamcrest-2.2.jar:/Users/alone/.m2/repository/org/junit/jupiter/junit-jupiter/5.9.3/junit-jupiter-5.9.3.jar:/Users/alone/.m2/repository/org/junit/jupiter/junit-jupiter-api/5.9.3/junit-jupiter-api-5.9.3.jar:/Users/alone/.m2/repository/org/opentest4j/opentest4j/1.2.0/opentest4j-1.2.0.jar:/Users/alone/.m2/repository/org/junit/platform/junit-platform-commons/1.9.3/junit-platform-commons-1.9.3.jar:/Users/alone/.m2/repository/org/apiguardian/apiguardian-api/1.1.2/apiguardian-api-1.1.2.jar:/Users/alone/.m2/repository/org/junit/jupiter/junit-jupiter-params/5.9.3/junit-jupiter-params-5.9.3.jar:/Users/alone/.m2/repository/org/junit/jupiter/junit-jupiter-engine/5.9.3/junit-jupiter-engine-5.9.3.jar:/Users/alone/.m2/repository/org/junit/platform/junit-platform-engine/1.9.3/junit-platform-engine-1.9.3.jar:/Users/alone/.m2/repository/org/mockito/mockito-core/5.3.1/mockito-core-5.3.1.jar:/Users/alone/.m2/repository/net/bytebuddy/byte-buddy-agent/1.14.9/byte-buddy-agent-1.14.9.jar:/Users/alone/.m2/repository/org/objenesis/objenesis/3.3/objenesis-3.3.jar:/Users/alone/.m2/repository/org/mockito/mockito-junit-jupiter/5.3.1/mockito-junit-jupiter-5.3.1.jar:/Users/alone/.m2/repository/org/skyscreamer/jsonassert/1.5.1/jsonassert-1.5.1.jar:/Users/alone/.m2/repository/com/vaadin/external/google/android-json/0.0.20131108.vaadin1/android-json-0.0.20131108.vaadin1.jar:/Users/alone/.m2/repository/org/springframework/spring-core/6.0.13/spring-core-6.0.13.jar:/Users/alone/.m2/repository/org/springframework/spring-jcl/6.0.13/spring-jcl-6.0.13.jar:/Users/alone/.m2/repository/org/springframework/spring-test/6.0.13/spring-test-6.0.13.jar:/Users/alone/.m2/repository/org/xmlunit/xmlunit-core/2.9.1/xmlunit-core-2.9.1.jar:/Users/alone/.m2/repository/org/springframework/security/spring-security-test/6.1.5/spring-security-test-6.1.5.jar:/Users/alone/.m2/repository/org/springframework/security/spring-security-core/6.1.5/spring-security-core-6.1.5.jar:/Users/alone/.m2/repository/org/testcontainers/junit-jupiter/1.18.3/junit-jupiter-1.18.3.jar:/Users/alone/.m2/repository/org/testcontainers/testcontainers/1.18.3/testcontainers-1.18.3.jar:/Users/alone/.m2/repository/junit/junit/4.13.2/junit-4.13.2.jar:/Users/alone/.m2/repository/org/hamcrest/hamcrest-core/2.2/hamcrest-core-2.2.jar:/Users/alone/.m2/repository/org/apache/commons/commons-compress/1.23.0/commons-compress-1.23.0.jar:/Users/alone/.m2/repository/org/rnorth/duct-tape/duct-tape/1.0.8/duct-tape-1.0.8.jar:/Users/alone/.m2/repository/org/jetbrains/annotations/17.0.0/annotations-17.0.0.jar:/Users/alone/.m2/repository/com/github/docker-java/docker-java-api/3.3.0/docker-java-api-3.3.0.jar:/Users/alone/.m2/repository/com/github/docker-java/docker-java-transport-zerodep/3.3.0/docker-java-transport-zerodep-3.3.0.jar:/Users/alone/.m2/repository/com/github/docker-java/docker-java-transport/3.3.0/docker-java-transport-3.3.0.jar:/Users/alone/.m2/repository/net/java/dev/jna/jna/5.12.1/jna-5.12.1.jar:/Users/alone/.m2/repository/org/testcontainers/mysql/1.18.3/mysql-1.18.3.jar:/Users/alone/.m2/repository/org/testcontainers/jdbc/1.18.3/jdbc-1.18.3.jar:/Users/alone/.m2/repository/org/testcontainers/database-commons/1.18.3/database-commons-1.18.3.jar:"/>
    <property name="LOGBACK_ROLLINGPOLICY_MAX_FILE_SIZE" value="104857600"/>
    <property name="java.vm.vendor" value="Homebrew"/>
    <property name="sun.arch.data.model" value="64"/>
    <property name="java.vendor.url" value="https://github.com/Homebrew/homebrew-core/issues"/>
    <property name="user.timezone" value="Asia/Shanghai"/>
    <property name="org.jboss.logging.provider" value="slf4j"/>
    <property name="os.name" value="Mac OS X"/>
    <property name="java.vm.specification.version" value="17"/>
    <property name="user.country" value="CN"/>
    <property name="sun.java.launcher" value="SUN_STANDARD"/>
    <property name="sun.boot.library.path" value="/opt/homebrew/Cellar/openjdk@17/17.0.15/libexec/openjdk.jdk/Contents/Home/lib"/>
    <property name="sun.java.command" value="/Users/alone/Desktop/integrated-services-java17/target/surefire/surefirebooter-20250908164449314_3.jar /Users/alone/Desktop/integrated-services-java17/target/surefire 2025-09-08T16-44-49_275-jvmRun1 surefire-20250908164449314_1tmp surefire_0-20250908164449314_2tmp"/>
    <property name="jdk.debug" value="release"/>
    <property name="surefire.test.class.path" value="/Users/alone/Desktop/integrated-services-java17/target/test-classes:/Users/alone/Desktop/integrated-services-java17/target/classes:/Users/alone/.m2/repository/org/springframework/boot/spring-boot-starter-web/3.1.5/spring-boot-starter-web-3.1.5.jar:/Users/alone/.m2/repository/org/springframework/boot/spring-boot-starter/3.1.5/spring-boot-starter-3.1.5.jar:/Users/alone/.m2/repository/org/springframework/boot/spring-boot/3.1.5/spring-boot-3.1.5.jar:/Users/alone/.m2/repository/org/springframework/boot/spring-boot-starter-logging/3.1.5/spring-boot-starter-logging-3.1.5.jar:/Users/alone/.m2/repository/ch/qos/logback/logback-classic/1.4.11/logback-classic-1.4.11.jar:/Users/alone/.m2/repository/ch/qos/logback/logback-core/1.4.11/logback-core-1.4.11.jar:/Users/alone/.m2/repository/org/apache/logging/log4j/log4j-to-slf4j/2.20.0/log4j-to-slf4j-2.20.0.jar:/Users/alone/.m2/repository/org/apache/logging/log4j/log4j-api/2.20.0/log4j-api-2.20.0.jar:/Users/alone/.m2/repository/org/slf4j/jul-to-slf4j/2.0.9/jul-to-slf4j-2.0.9.jar:/Users/alone/.m2/repository/org/yaml/snakeyaml/1.33/snakeyaml-1.33.jar:/Users/alone/.m2/repository/org/springframework/boot/spring-boot-starter-json/3.1.5/spring-boot-starter-json-3.1.5.jar:/Users/alone/.m2/repository/com/fasterxml/jackson/datatype/jackson-datatype-jdk8/2.15.3/jackson-datatype-jdk8-2.15.3.jar:/Users/alone/.m2/repository/com/fasterxml/jackson/datatype/jackson-datatype-jsr310/2.15.3/jackson-datatype-jsr310-2.15.3.jar:/Users/alone/.m2/repository/com/fasterxml/jackson/module/jackson-module-parameter-names/2.15.3/jackson-module-parameter-names-2.15.3.jar:/Users/alone/.m2/repository/org/springframework/boot/spring-boot-starter-tomcat/3.1.5/spring-boot-starter-tomcat-3.1.5.jar:/Users/alone/.m2/repository/org/apache/tomcat/embed/tomcat-embed-core/10.1.15/tomcat-embed-core-10.1.15.jar:/Users/alone/.m2/repository/org/apache/tomcat/embed/tomcat-embed-websocket/10.1.15/tomcat-embed-websocket-10.1.15.jar:/Users/alone/.m2/repository/org/springframework/spring-web/6.0.13/spring-web-6.0.13.jar:/Users/alone/.m2/repository/org/springframework/spring-beans/6.0.13/spring-beans-6.0.13.jar:/Users/alone/.m2/repository/org/springframework/spring-webmvc/6.0.13/spring-webmvc-6.0.13.jar:/Users/alone/.m2/repository/org/springframework/spring-context/6.0.13/spring-context-6.0.13.jar:/Users/alone/.m2/repository/org/springframework/spring-expression/6.0.13/spring-expression-6.0.13.jar:/Users/alone/.m2/repository/org/springframework/boot/spring-boot-starter-validation/3.1.5/spring-boot-starter-validation-3.1.5.jar:/Users/alone/.m2/repository/org/apache/tomcat/embed/tomcat-embed-el/10.1.15/tomcat-embed-el-10.1.15.jar:/Users/alone/.m2/repository/org/hibernate/validator/hibernate-validator/8.0.1.Final/hibernate-validator-8.0.1.Final.jar:/Users/alone/.m2/repository/jakarta/validation/jakarta.validation-api/3.0.2/jakarta.validation-api-3.0.2.jar:/Users/alone/.m2/repository/org/jboss/logging/jboss-logging/3.5.3.Final/jboss-logging-3.5.3.Final.jar:/Users/alone/.m2/repository/com/fasterxml/classmate/1.5.1/classmate-1.5.1.jar:/Users/alone/.m2/repository/org/springframework/boot/spring-boot-starter-security/3.1.5/spring-boot-starter-security-3.1.5.jar:/Users/alone/.m2/repository/org/springframework/spring-aop/6.0.13/spring-aop-6.0.13.jar:/Users/alone/.m2/repository/org/springframework/security/spring-security-config/6.1.5/spring-security-config-6.1.5.jar:/Users/alone/.m2/repository/org/springframework/security/spring-security-web/6.1.5/spring-security-web-6.1.5.jar:/Users/alone/.m2/repository/org/springframework/boot/spring-boot-starter-data-redis/3.1.5/spring-boot-starter-data-redis-3.1.5.jar:/Users/alone/.m2/repository/org/springframework/data/spring-data-redis/3.1.5/spring-data-redis-3.1.5.jar:/Users/alone/.m2/repository/org/springframework/data/spring-data-keyvalue/3.1.5/spring-data-keyvalue-3.1.5.jar:/Users/alone/.m2/repository/org/springframework/data/spring-data-commons/3.1.5/spring-data-commons-3.1.5.jar:/Users/alone/.m2/repository/org/springframework/spring-tx/6.0.13/spring-tx-6.0.13.jar:/Users/alone/.m2/repository/org/springframework/spring-oxm/6.0.13/spring-oxm-6.0.13.jar:/Users/alone/.m2/repository/org/springframework/spring-context-support/6.0.13/spring-context-support-6.0.13.jar:/Users/alone/.m2/repository/io/lettuce/lettuce-core/6.2.6.RELEASE/lettuce-core-6.2.6.RELEASE.jar:/Users/alone/.m2/repository/io/netty/netty-common/4.1.100.Final/netty-common-4.1.100.Final.jar:/Users/alone/.m2/repository/io/netty/netty-handler/4.1.100.Final/netty-handler-4.1.100.Final.jar:/Users/alone/.m2/repository/io/netty/netty-transport-native-unix-common/4.1.100.Final/netty-transport-native-unix-common-4.1.100.Final.jar:/Users/alone/.m2/repository/io/netty/netty-transport/4.1.100.Final/netty-transport-4.1.100.Final.jar:/Users/alone/.m2/repository/io/projectreactor/reactor-core/3.5.11/reactor-core-3.5.11.jar:/Users/alone/.m2/repository/org/springframework/boot/spring-boot-starter-actuator/3.1.5/spring-boot-starter-actuator-3.1.5.jar:/Users/alone/.m2/repository/org/springframework/boot/spring-boot-actuator-autoconfigure/3.1.5/spring-boot-actuator-autoconfigure-3.1.5.jar:/Users/alone/.m2/repository/org/springframework/boot/spring-boot-actuator/3.1.5/spring-boot-actuator-3.1.5.jar:/Users/alone/.m2/repository/io/micrometer/micrometer-observation/1.11.5/micrometer-observation-1.11.5.jar:/Users/alone/.m2/repository/io/micrometer/micrometer-commons/1.11.5/micrometer-commons-1.11.5.jar:/Users/alone/.m2/repository/io/micrometer/micrometer-core/1.11.5/micrometer-core-1.11.5.jar:/Users/alone/.m2/repository/org/hdrhistogram/HdrHistogram/2.1.12/HdrHistogram-2.1.12.jar:/Users/alone/.m2/repository/org/latencyutils/LatencyUtils/2.0.3/LatencyUtils-2.0.3.jar:/Users/alone/.m2/repository/org/springframework/boot/spring-boot-starter-aop/3.1.5/spring-boot-starter-aop-3.1.5.jar:/Users/alone/.m2/repository/org/aspectj/aspectjweaver/1.9.20/aspectjweaver-1.9.20.jar:/Users/alone/.m2/repository/com/alibaba/cloud/spring-cloud-starter-alibaba-nacos-config/2022.0.0.0/spring-cloud-starter-alibaba-nacos-config-2022.0.0.0.jar:/Users/alone/.m2/repository/com/alibaba/cloud/spring-cloud-alibaba-commons/2022.0.0.0/spring-cloud-alibaba-commons-2022.0.0.0.jar:/Users/alone/.m2/repository/com/alibaba/spring/spring-context-support/1.0.11/spring-context-support-1.0.11.jar:/Users/alone/.m2/repository/com/alibaba/nacos/nacos-client/2.2.1/nacos-client-2.2.1.jar:/Users/alone/.m2/repository/com/alibaba/nacos/nacos-auth-plugin/2.2.1/nacos-auth-plugin-2.2.1.jar:/Users/alone/.m2/repository/com/alibaba/nacos/nacos-encryption-plugin/2.2.1/nacos-encryption-plugin-2.2.1.jar:/Users/alone/.m2/repository/commons-codec/commons-codec/1.15/commons-codec-1.15.jar:/Users/alone/.m2/repository/com/fasterxml/jackson/core/jackson-core/2.15.3/jackson-core-2.15.3.jar:/Users/alone/.m2/repository/org/apache/httpcomponents/httpasyncclient/4.1.5/httpasyncclient-4.1.5.jar:/Users/alone/.m2/repository/org/apache/httpcomponents/httpcore/4.4.16/httpcore-4.4.16.jar:/Users/alone/.m2/repository/org/apache/httpcomponents/httpcore-nio/4.4.16/httpcore-nio-4.4.16.jar:/Users/alone/.m2/repository/org/apache/httpcomponents/httpclient/4.5.13/httpclient-4.5.13.jar:/Users/alone/.m2/repository/io/prometheus/simpleclient/0.16.0/simpleclient-0.16.0.jar:/Users/alone/.m2/repository/io/prometheus/simpleclient_tracer_otel/0.16.0/simpleclient_tracer_otel-0.16.0.jar:/Users/alone/.m2/repository/io/prometheus/simpleclient_tracer_common/0.16.0/simpleclient_tracer_common-0.16.0.jar:/Users/alone/.m2/repository/io/prometheus/simpleclient_tracer_otel_agent/0.16.0/simpleclient_tracer_otel_agent-0.16.0.jar:/Users/alone/.m2/repository/org/springframework/cloud/spring-cloud-commons/4.0.4/spring-cloud-commons-4.0.4.jar:/Users/alone/.m2/repository/org/springframework/security/spring-security-crypto/6.1.5/spring-security-crypto-6.1.5.jar:/Users/alone/.m2/repository/org/springframework/cloud/spring-cloud-context/4.0.4/spring-cloud-context-4.0.4.jar:/Users/alone/.m2/repository/org/slf4j/slf4j-api/2.0.9/slf4j-api-2.0.9.jar:/Users/alone/.m2/repository/jakarta/annotation/jakarta.annotation-api/2.1.1/jakarta.annotation-api-2.1.1.jar:/Users/alone/.m2/repository/com/alibaba/cloud/spring-cloud-starter-alibaba-nacos-discovery/2022.0.0.0/spring-cloud-starter-alibaba-nacos-discovery-2022.0.0.0.jar:/Users/alone/.m2/repository/com/alibaba/cloud/spring-cloud-starter-alibaba-sentinel/2022.0.0.0/spring-cloud-starter-alibaba-sentinel-2022.0.0.0.jar:/Users/alone/.m2/repository/com/alibaba/csp/sentinel-transport-simple-http/1.8.6/sentinel-transport-simple-http-1.8.6.jar:/Users/alone/.m2/repository/com/alibaba/csp/sentinel-transport-common/1.8.6/sentinel-transport-common-1.8.6.jar:/Users/alone/.m2/repository/com/alibaba/csp/sentinel-datasource-extension/1.8.6/sentinel-datasource-extension-1.8.6.jar:/Users/alone/.m2/repository/com/alibaba/fastjson/1.2.83_noneautotype/fastjson-1.2.83_noneautotype.jar:/Users/alone/.m2/repository/com/alibaba/csp/sentinel-annotation-aspectj/1.8.6/sentinel-annotation-aspectj-1.8.6.jar:/Users/alone/.m2/repository/com/alibaba/csp/sentinel-core/1.8.6/sentinel-core-1.8.6.jar:/Users/alone/.m2/repository/com/alibaba/cloud/spring-cloud-circuitbreaker-sentinel/2022.0.0.0/spring-cloud-circuitbreaker-sentinel-2022.0.0.0.jar:/Users/alone/.m2/repository/com/alibaba/csp/sentinel-reactor-adapter/1.8.6/sentinel-reactor-adapter-1.8.6.jar:/Users/alone/.m2/repository/com/alibaba/csp/sentinel-spring-webflux-adapter/1.8.6/sentinel-spring-webflux-adapter-1.8.6.jar:/Users/alone/.m2/repository/com/alibaba/csp/sentinel-spring-webmvc-6x-adapter/1.8.6/sentinel-spring-webmvc-6x-adapter-1.8.6.jar:/Users/alone/.m2/repository/com/alibaba/csp/sentinel-parameter-flow-control/1.8.6/sentinel-parameter-flow-control-1.8.6.jar:/Users/alone/.m2/repository/com/googlecode/concurrentlinkedhashmap/concurrentlinkedhashmap-lru/1.4.2/concurrentlinkedhashmap-lru-1.4.2.jar:/Users/alone/.m2/repository/com/alibaba/csp/sentinel-cluster-server-default/1.8.6/sentinel-cluster-server-default-1.8.6.jar:/Users/alone/.m2/repository/com/alibaba/csp/sentinel-cluster-common-default/1.8.6/sentinel-cluster-common-default-1.8.6.jar:/Users/alone/.m2/repository/com/alibaba/csp/sentinel-cluster-client-default/1.8.6/sentinel-cluster-client-default-1.8.6.jar:/Users/alone/.m2/repository/com/alibaba/cloud/spring-cloud-alibaba-sentinel-datasource/2022.0.0.0/spring-cloud-alibaba-sentinel-datasource-2022.0.0.0.jar:/Users/alone/.m2/repository/com/baomidou/mybatis-plus-boot-starter/3.5.3.2/mybatis-plus-boot-starter-3.5.3.2.jar:/Users/alone/.m2/repository/com/baomidou/mybatis-plus/3.5.3.2/mybatis-plus-3.5.3.2.jar:/Users/alone/.m2/repository/com/baomidou/mybatis-plus-extension/3.5.3.2/mybatis-plus-extension-3.5.3.2.jar:/Users/alone/.m2/repository/com/baomidou/mybatis-plus-core/3.5.3.2/mybatis-plus-core-3.5.3.2.jar:/Users/alone/.m2/repository/com/baomidou/mybatis-plus-annotation/3.5.3.2/mybatis-plus-annotation-3.5.3.2.jar:/Users/alone/.m2/repository/com/github/jsqlparser/jsqlparser/4.6/jsqlparser-4.6.jar:/Users/alone/.m2/repository/org/mybatis/mybatis/3.5.13/mybatis-3.5.13.jar:/Users/alone/.m2/repository/org/mybatis/mybatis-spring/2.1.1/mybatis-spring-2.1.1.jar:/Users/alone/.m2/repository/org/springframework/boot/spring-boot-autoconfigure/3.1.5/spring-boot-autoconfigure-3.1.5.jar:/Users/alone/.m2/repository/org/springframework/boot/spring-boot-starter-jdbc/3.1.5/spring-boot-starter-jdbc-3.1.5.jar:/Users/alone/.m2/repository/com/zaxxer/HikariCP/5.0.1/HikariCP-5.0.1.jar:/Users/alone/.m2/repository/org/springframework/spring-jdbc/6.0.13/spring-jdbc-6.0.13.jar:/Users/alone/.m2/repository/com/alibaba/druid-spring-boot-starter/1.2.20/druid-spring-boot-starter-1.2.20.jar:/Users/alone/.m2/repository/com/alibaba/druid/1.2.20/druid-1.2.20.jar:/Users/alone/.m2/repository/org/glassfish/jaxb/jaxb-runtime/4.0.3/jaxb-runtime-4.0.3.jar:/Users/alone/.m2/repository/org/glassfish/jaxb/jaxb-core/4.0.3/jaxb-core-4.0.3.jar:/Users/alone/.m2/repository/org/eclipse/angus/angus-activation/2.0.1/angus-activation-2.0.1.jar:/Users/alone/.m2/repository/org/glassfish/jaxb/txw2/4.0.3/txw2-4.0.3.jar:/Users/alone/.m2/repository/com/sun/istack/istack-commons-runtime/4.1.2/istack-commons-runtime-4.1.2.jar:/Users/alone/.m2/repository/com/mysql/mysql-connector-j/8.0.33/mysql-connector-j-8.0.33.jar:/Users/alone/.m2/repository/org/redisson/redisson-spring-boot-starter/3.24.3/redisson-spring-boot-starter-3.24.3.jar:/Users/alone/.m2/repository/org/redisson/redisson/3.24.3/redisson-3.24.3.jar:/Users/alone/.m2/repository/io/netty/netty-codec/4.1.100.Final/netty-codec-4.1.100.Final.jar:/Users/alone/.m2/repository/io/netty/netty-buffer/4.1.100.Final/netty-buffer-4.1.100.Final.jar:/Users/alone/.m2/repository/io/netty/netty-resolver/4.1.100.Final/netty-resolver-4.1.100.Final.jar:/Users/alone/.m2/repository/io/netty/netty-resolver-dns/4.1.100.Final/netty-resolver-dns-4.1.100.Final.jar:/Users/alone/.m2/repository/io/netty/netty-codec-dns/4.1.100.Final/netty-codec-dns-4.1.100.Final.jar:/Users/alone/.m2/repository/javax/cache/cache-api/1.1.1/cache-api-1.1.1.jar:/Users/alone/.m2/repository/org/reactivestreams/reactive-streams/1.0.4/reactive-streams-1.0.4.jar:/Users/alone/.m2/repository/io/reactivex/rxjava3/rxjava/3.1.8/rxjava-3.1.8.jar:/Users/alone/.m2/repository/org/jboss/marshalling/jboss-marshalling/2.0.11.Final/jboss-marshalling-2.0.11.Final.jar:/Users/alone/.m2/repository/org/jboss/marshalling/jboss-marshalling-river/2.0.11.Final/jboss-marshalling-river-2.0.11.Final.jar:/Users/alone/.m2/repository/com/esotericsoftware/kryo/5.5.0/kryo-5.5.0.jar:/Users/alone/.m2/repository/com/esotericsoftware/reflectasm/1.11.9/reflectasm-1.11.9.jar:/Users/alone/.m2/repository/com/esotericsoftware/minlog/1.3.1/minlog-1.3.1.jar:/Users/alone/.m2/repository/com/fasterxml/jackson/core/jackson-annotations/2.15.3/jackson-annotations-2.15.3.jar:/Users/alone/.m2/repository/com/fasterxml/jackson/dataformat/jackson-dataformat-yaml/2.15.3/jackson-dataformat-yaml-2.15.3.jar:/Users/alone/.m2/repository/net/bytebuddy/byte-buddy/1.14.9/byte-buddy-1.14.9.jar:/Users/alone/.m2/repository/org/jodd/jodd-bean/5.1.6/jodd-bean-5.1.6.jar:/Users/alone/.m2/repository/org/jodd/jodd-core/5.1.6/jodd-core-5.1.6.jar:/Users/alone/.m2/repository/org/redisson/redisson-spring-data-31/3.24.3/redisson-spring-data-31-3.24.3.jar:/Users/alone/.m2/repository/cn/hutool/hutool-all/5.8.22/hutool-all-5.8.22.jar:/Users/alone/.m2/repository/com/alibaba/fastjson2/fastjson2/2.0.42/fastjson2-2.0.42.jar:/Users/alone/.m2/repository/com/github/xiaoymin/knife4j-openapi3-jakarta-spring-boot-starter/4.3.0/knife4j-openapi3-jakarta-spring-boot-starter-4.3.0.jar:/Users/alone/.m2/repository/com/github/xiaoymin/knife4j-core/4.3.0/knife4j-core-4.3.0.jar:/Users/alone/.m2/repository/com/github/xiaoymin/knife4j-openapi3-ui/4.3.0/knife4j-openapi3-ui-4.3.0.jar:/Users/alone/.m2/repository/org/springdoc/springdoc-openapi-starter-webmvc-ui/2.0.4/springdoc-openapi-starter-webmvc-ui-2.0.4.jar:/Users/alone/.m2/repository/org/springdoc/springdoc-openapi-starter-webmvc-api/2.0.4/springdoc-openapi-starter-webmvc-api-2.0.4.jar:/Users/alone/.m2/repository/org/springdoc/springdoc-openapi-starter-common/2.0.4/springdoc-openapi-starter-common-2.0.4.jar:/Users/alone/.m2/repository/io/swagger/core/v3/swagger-core-jakarta/2.2.8/swagger-core-jakarta-2.2.8.jar:/Users/alone/.m2/repository/org/apache/commons/commons-lang3/3.12.0/commons-lang3-3.12.0.jar:/Users/alone/.m2/repository/io/swagger/core/v3/swagger-annotations-jakarta/2.2.8/swagger-annotations-jakarta-2.2.8.jar:/Users/alone/.m2/repository/io/swagger/core/v3/swagger-models-jakarta/2.2.8/swagger-models-jakarta-2.2.8.jar:/Users/alone/.m2/repository/org/webjars/swagger-ui/4.18.1/swagger-ui-4.18.1.jar:/Users/alone/.m2/repository/org/webjars/webjars-locator-core/0.52/webjars-locator-core-0.52.jar:/Users/alone/.m2/repository/io/github/classgraph/classgraph/4.8.149/classgraph-4.8.149.jar:/Users/alone/.m2/repository/io/micrometer/micrometer-registry-prometheus/1.11.5/micrometer-registry-prometheus-1.11.5.jar:/Users/alone/.m2/repository/io/prometheus/simpleclient_common/0.16.0/simpleclient_common-0.16.0.jar:/Users/alone/.m2/repository/io/jsonwebtoken/jjwt-api/0.11.5/jjwt-api-0.11.5.jar:/Users/alone/.m2/repository/io/jsonwebtoken/jjwt-impl/0.11.5/jjwt-impl-0.11.5.jar:/Users/alone/.m2/repository/io/jsonwebtoken/jjwt-jackson/0.11.5/jjwt-jackson-0.11.5.jar:/Users/alone/.m2/repository/com/fasterxml/jackson/core/jackson-databind/2.15.3/jackson-databind-2.15.3.jar:/Users/alone/.m2/repository/org/springframework/boot/spring-boot-starter-test/3.1.5/spring-boot-starter-test-3.1.5.jar:/Users/alone/.m2/repository/org/springframework/boot/spring-boot-test/3.1.5/spring-boot-test-3.1.5.jar:/Users/alone/.m2/repository/org/springframework/boot/spring-boot-test-autoconfigure/3.1.5/spring-boot-test-autoconfigure-3.1.5.jar:/Users/alone/.m2/repository/com/jayway/jsonpath/json-path/2.8.0/json-path-2.8.0.jar:/Users/alone/.m2/repository/jakarta/xml/bind/jakarta.xml.bind-api/4.0.1/jakarta.xml.bind-api-4.0.1.jar:/Users/alone/.m2/repository/jakarta/activation/jakarta.activation-api/2.1.2/jakarta.activation-api-2.1.2.jar:/Users/alone/.m2/repository/net/minidev/json-smart/2.4.11/json-smart-2.4.11.jar:/Users/alone/.m2/repository/net/minidev/accessors-smart/2.4.11/accessors-smart-2.4.11.jar:/Users/alone/.m2/repository/org/ow2/asm/asm/9.3/asm-9.3.jar:/Users/alone/.m2/repository/org/assertj/assertj-core/3.24.2/assertj-core-3.24.2.jar:/Users/alone/.m2/repository/org/hamcrest/hamcrest/2.2/hamcrest-2.2.jar:/Users/alone/.m2/repository/org/junit/jupiter/junit-jupiter/5.9.3/junit-jupiter-5.9.3.jar:/Users/alone/.m2/repository/org/junit/jupiter/junit-jupiter-api/5.9.3/junit-jupiter-api-5.9.3.jar:/Users/alone/.m2/repository/org/opentest4j/opentest4j/1.2.0/opentest4j-1.2.0.jar:/Users/alone/.m2/repository/org/junit/platform/junit-platform-commons/1.9.3/junit-platform-commons-1.9.3.jar:/Users/alone/.m2/repository/org/apiguardian/apiguardian-api/1.1.2/apiguardian-api-1.1.2.jar:/Users/alone/.m2/repository/org/junit/jupiter/junit-jupiter-params/5.9.3/junit-jupiter-params-5.9.3.jar:/Users/alone/.m2/repository/org/junit/jupiter/junit-jupiter-engine/5.9.3/junit-jupiter-engine-5.9.3.jar:/Users/alone/.m2/repository/org/junit/platform/junit-platform-engine/1.9.3/junit-platform-engine-1.9.3.jar:/Users/alone/.m2/repository/org/mockito/mockito-core/5.3.1/mockito-core-5.3.1.jar:/Users/alone/.m2/repository/net/bytebuddy/byte-buddy-agent/1.14.9/byte-buddy-agent-1.14.9.jar:/Users/alone/.m2/repository/org/objenesis/objenesis/3.3/objenesis-3.3.jar:/Users/alone/.m2/repository/org/mockito/mockito-junit-jupiter/5.3.1/mockito-junit-jupiter-5.3.1.jar:/Users/alone/.m2/repository/org/skyscreamer/jsonassert/1.5.1/jsonassert-1.5.1.jar:/Users/alone/.m2/repository/com/vaadin/external/google/android-json/0.0.20131108.vaadin1/android-json-0.0.20131108.vaadin1.jar:/Users/alone/.m2/repository/org/springframework/spring-core/6.0.13/spring-core-6.0.13.jar:/Users/alone/.m2/repository/org/springframework/spring-jcl/6.0.13/spring-jcl-6.0.13.jar:/Users/alone/.m2/repository/org/springframework/spring-test/6.0.13/spring-test-6.0.13.jar:/Users/alone/.m2/repository/org/xmlunit/xmlunit-core/2.9.1/xmlunit-core-2.9.1.jar:/Users/alone/.m2/repository/org/springframework/security/spring-security-test/6.1.5/spring-security-test-6.1.5.jar:/Users/alone/.m2/repository/org/springframework/security/spring-security-core/6.1.5/spring-security-core-6.1.5.jar:/Users/alone/.m2/repository/org/testcontainers/junit-jupiter/1.18.3/junit-jupiter-1.18.3.jar:/Users/alone/.m2/repository/org/testcontainers/testcontainers/1.18.3/testcontainers-1.18.3.jar:/Users/alone/.m2/repository/junit/junit/4.13.2/junit-4.13.2.jar:/Users/alone/.m2/repository/org/hamcrest/hamcrest-core/2.2/hamcrest-core-2.2.jar:/Users/alone/.m2/repository/org/apache/commons/commons-compress/1.23.0/commons-compress-1.23.0.jar:/Users/alone/.m2/repository/org/rnorth/duct-tape/duct-tape/1.0.8/duct-tape-1.0.8.jar:/Users/alone/.m2/repository/org/jetbrains/annotations/17.0.0/annotations-17.0.0.jar:/Users/alone/.m2/repository/com/github/docker-java/docker-java-api/3.3.0/docker-java-api-3.3.0.jar:/Users/alone/.m2/repository/com/github/docker-java/docker-java-transport-zerodep/3.3.0/docker-java-transport-zerodep-3.3.0.jar:/Users/alone/.m2/repository/com/github/docker-java/docker-java-transport/3.3.0/docker-java-transport-3.3.0.jar:/Users/alone/.m2/repository/net/java/dev/jna/jna/5.12.1/jna-5.12.1.jar:/Users/alone/.m2/repository/org/testcontainers/mysql/1.18.3/mysql-1.18.3.jar:/Users/alone/.m2/repository/org/testcontainers/jdbc/1.18.3/jdbc-1.18.3.jar:/Users/alone/.m2/repository/org/testcontainers/database-commons/1.18.3/database-commons-1.18.3.jar:"/>
    <property name="sun.cpu.endian" value="little"/>
    <property name="user.home" value="/Users/alone"/>
    <property name="user.language" value="zh"/>
    <property name="java.specification.vendor" value="Oracle Corporation"/>
    <property name="java.version.date" value="2025-04-15"/>
    <property name="java.home" value="/opt/homebrew/Cellar/openjdk@17/17.0.15/libexec/openjdk.jdk/Contents/Home"/>
    <property name="file.separator" value="/"/>
    <property name="basedir" value="/Users/alone/Desktop/integrated-services-java17"/>
    <property name="java.vm.compressedOopsMode" value="Zero based"/>
    <property name="line.separator" value="&#10;"/>
    <property name="java.vm.specification.vendor" value="Oracle Corporation"/>
    <property name="java.specification.name" value="Java Platform API Specification"/>
    <property name="FILE_LOG_CHARSET" value="UTF-8"/>
    <property name="java.awt.headless" value="true"/>
    <property name="surefire.real.class.path" value="/Users/alone/Desktop/integrated-services-java17/target/surefire/surefirebooter-20250908164449314_3.jar"/>
    <property name="user.script" value="Hans"/>
    <property name="sun.management.compiler" value="HotSpot 64-Bit Tiered Compilers"/>
    <property name="java.runtime.version" value="17.0.15+0"/>
    <property name="user.name" value="alone"/>
    <property name="path.separator" value=":"/>
    <property name="os.version" value="15.6.1"/>
    <property name="java.runtime.name" value="OpenJDK Runtime Environment"/>
    <property name="file.encoding" value="UTF-8"/>
    <property name="FILE_LOG_PATTERN" value="%d{yyyy-MM-dd HH:mm:ss.SSS} [%thread] %-5level %logger{50} - %msg%n"/>
    <property name="java.vm.name" value="OpenJDK 64-Bit Server VM"/>
    <property name="java.vendor.version" value="Homebrew"/>
    <property name="LOG_FILE" value="logs/integrated-services.log"/>
    <property name="localRepository" value="/Users/alone/.m2/repository"/>
    <property name="java.vendor.url.bug" value="https://github.com/Homebrew/homebrew-core/issues"/>
    <property name="java.io.tmpdir" value="/var/folders/cc/0zjwrzz15nq8nt_l606n48j80000gn/T/"/>
    <property name="idea.version" value="2025.1.5.1"/>
    <property name="java.version" value="17.0.15"/>
    <property name="user.dir" value="/Users/alone/Desktop/integrated-services-java17"/>
    <property name="os.arch" value="aarch64"/>
    <property name="java.vm.specification.name" value="Java Virtual Machine Specification"/>
    <property name="PID" value="92165"/>
    <property name="CONSOLE_LOG_CHARSET" value="UTF-8"/>
    <property name="LOGBACK_ROLLINGPOLICY_MAX_HISTORY" value="30"/>
    <property name="native.encoding" value="UTF-8"/>
    <property name="java.library.path" value="/Users/alone/Library/Java/Extensions:/Library/Java/Extensions:/Network/Library/Java/Extensions:/System/Library/Java/Extensions:/usr/lib/java:."/>
    <property name="java.vm.info" value="mixed mode, sharing"/>
    <property name="java.vendor" value="Homebrew"/>
    <property name="java.vm.version" value="17.0.15+0"/>
    <property name="java.specification.maintenance.version" value="1"/>
    <property name="sun.io.unicode.encoding" value="UnicodeBig"/>
    <property name="java.class.version" value="61.0"/>
    <property name="CONSOLE_LOG_PATTERN" value="%clr(%d{yyyy-MM-dd HH:mm:ss.SSS}){faint} %clr(-%5p) %clr(92165){magenta} %clr(---){faint} %clr([%15.15t]){faint} %clr(%-40.40logger{39}){cyan} %clr(:){faint} %m%n-%wEx"/>
  </properties>
  <testcase name="contextLoads" classname="com.enterprise.integrated.IntegratedServicesApplicationTests" time="0.359">
    <system-out><![CDATA[16:44:49.651 [main] INFO org.springframework.test.context.support.AnnotationConfigContextLoaderUtils -- Could not detect default configuration classes for test class [com.enterprise.integrated.IntegratedServicesApplicationTests]: IntegratedServicesApplicationTests does not declare any static, non-private, non-final, nested classes annotated with @Configuration.
16:44:49.694 [main] INFO org.springframework.boot.test.context.SpringBootTestContextBootstrapper -- Found @SpringBootConfiguration com.enterprise.integrated.IntegratedServicesApplication for test class com.enterprise.integrated.IntegratedServicesApplicationTests
2025-09-08 16:44:49.894 - WARN 92165 --- [           main] c.a.nacos.client.logging.NacosLogging    : Load Logback Configuration of Nacos fail, message: Could not initialize Logback Nacos logging from classpath:nacos-logback.xml
-
  .   ____          _            __ _ _
 /\\ / ___'_ __ _ _(_)_ __  __ _ \ \ \ \
( ( )\___ | '_ | '_| | '_ \/ _` | \ \ \ \
 \\/  ___)| |_)| | | | | || (_| |  ) ) ) )
  '  |____| .__|_| |_|_| |_\__, | / / / /
 =========|_|==============|___/=/_/_/_/
 :: Spring Boot ::                (v3.1.5)

2025-09-08 16:44:49.910 - WARN 92165 --- [           main] c.a.nacos.client.logging.NacosLogging    : Load Logback Configuration of Nacos fail, message: Could not initialize Logback Nacos logging from classpath:nacos-logback.xml
-2025-09-08 16:44:49.913 - INFO 92165 --- [           main] c.e.i.IntegratedServicesApplicationTests : Starting IntegratedServicesApplicationTests using Java 17.0.15 with PID 92165 (started by alone in /Users/alone/Desktop/integrated-services-java17)
-2025-09-08 16:44:49.913 -DEBUG 92165 --- [           main] c.e.i.IntegratedServicesApplicationTests : Running with Spring Boot v3.1.5, Spring v6.0.13
-2025-09-08 16:44:49.913 - INFO 92165 --- [           main] c.e.i.IntegratedServicesApplicationTests : The following 1 profile is active: "test"
-Logging initialized using 'class org.apache.ibatis.logging.stdout.StdOutImpl' adapter.
Registered plugin: 'com.baomidou.mybatisplus.extension.plugins.MybatisPlusInterceptor@40ddf339'
Property 'mapperLocations' was not specified.
Initialization Sequence datacenterId:9 workerId:30
 _ _   |_  _ _|_. ___ _ |    _ 
| | |\/|_)(_| | |_\  |_)||_|_\ 
     /               |         
                        3.5.3.2 
2025-09-08 16:44:50.974 - WARN 92165 --- [           main] i.n.r.d.DnsServerAddressStreamProviders  : Can not find io.netty.resolver.dns.macos.MacOSDnsServerAddressStreamProvider in the classpath, fallback to system defaults. This may result in incorrect DNS resolutions on MacOS. Check whether you have a dependency on 'io.netty:netty-resolver-dns-native-macos'
-2025-09-08 16:44:51.253 -DEBUG 92165 --- [           main] c.ApiVersionRequestMappingHandlerMapping : 38 mappings in 'createRequestMappingHandlerMapping'
-2025-09-08 16:44:51.405 - INFO 92165 --- [           main] o.s.s.web.DefaultSecurityFilterChain     : Will secure any request with [org.springframework.security.web.session.DisableEncodeUrlFilter@79d3c655, org.springframework.security.web.context.request.async.WebAsyncManagerIntegrationFilter@42ea14b8, org.springframework.security.web.context.SecurityContextHolderFilter@2f025e9e, org.springframework.security.web.header.HeaderWriterFilter@78c5ef58, org.springframework.web.filter.CorsFilter@5837cb9e, org.springframework.security.web.authentication.logout.LogoutFilter@1952ad9d, com.enterprise.integrated.security.JwtAuthenticationFilter@2b409174, org.springframework.security.web.savedrequest.RequestCacheAwareFilter@3dabdd11, org.springframework.security.web.servletapi.SecurityContextHolderAwareRequestFilter@6530a1de, org.springframework.security.web.authentication.AnonymousAuthenticationFilter@74d3b331, org.springframework.security.web.session.SessionManagementFilter@1a06ec24, org.springframework.security.web.access.ExceptionTranslationFilter@58c80957, org.springframework.security.web.access.intercept.AuthorizationFilter@188058fb]
-2025-09-08 16:44:52.421 - INFO 92165 --- [           main] c.e.i.IntegratedServicesApplicationTests : Started IntegratedServicesApplicationTests in 2.679 seconds (process running for 3.066)
-2025-09-08 16:44:52.436 -DEBUG 92165 --- [           main] org.springframework.test.context.cache   : Spring test ApplicationContext cache statistics: [DefaultContextCache@69c7fb94 size = 1, maxSize = 32, parentContextCount = 0, hitCount = 0, missCount = 1]
-2025-09-08 16:44:52.437 -DEBUG 92165 --- [           main] o.s.t.c.w.ServletTestExecutionListener   : Setting up MockHttpServletRequest, MockHttpServletResponse, ServletWebRequest, and RequestContextHolder for test class com.enterprise.integrated.IntegratedServicesApplicationTests
-2025-09-08 16:44:52.441 -DEBUG 92165 --- [           main] DependencyInjectionTestExecutionListener : Performing dependency injection for test class com.enterprise.integrated.IntegratedServicesApplicationTests
-2025-09-08 16:44:52.441 -DEBUG 92165 --- [           main] org.springframework.test.context.cache   : Spring test ApplicationContext cache statistics: [DefaultContextCache@69c7fb94 size = 1, maxSize = 32, parentContextCount = 0, hitCount = 1, missCount = 1]
-2025-09-08 16:44:52.441 -DEBUG 92165 --- [           main] org.springframework.test.context.cache   : Spring test ApplicationContext cache statistics: [DefaultContextCache@69c7fb94 size = 1, maxSize = 32, parentContextCount = 0, hitCount = 2, missCount = 1]
-2025-09-08 16:44:52.443 -DEBUG 92165 --- [           main] sContextBeforeModesTestExecutionListener : Before test method: class [IntegratedServicesApplicationTests], method [contextLoads], class annotated with @DirtiesContext [false] with mode [null], method annotated with @DirtiesContext [false] with mode [null]
-2025-09-08 16:44:52.444 -DEBUG 92165 --- [           main] org.springframework.test.context.cache   : Spring test ApplicationContext cache statistics: [DefaultContextCache@69c7fb94 size = 1, maxSize = 32, parentContextCount = 0, hitCount = 3, missCount = 1]
-2025-09-08 16:44:52.446 -DEBUG 92165 --- [           main] org.springframework.test.context.cache   : Spring test ApplicationContext cache statistics: [DefaultContextCache@69c7fb94 size = 1, maxSize = 32, parentContextCount = 0, hitCount = 4, missCount = 1]
-2025-09-08 16:44:52.795 -DEBUG 92165 --- [           main] org.springframework.test.context.cache   : Spring test ApplicationContext cache statistics: [DefaultContextCache@69c7fb94 size = 1, maxSize = 32, parentContextCount = 0, hitCount = 5, missCount = 1]
-2025-09-08 16:44:52.797 -DEBUG 92165 --- [           main] org.springframework.test.context.cache   : Spring test ApplicationContext cache statistics: [DefaultContextCache@69c7fb94 size = 1, maxSize = 32, parentContextCount = 0, hitCount = 6, missCount = 1]
-2025-09-08 16:44:52.797 -DEBUG 92165 --- [           main] org.springframework.test.context.cache   : Spring test ApplicationContext cache statistics: [DefaultContextCache@69c7fb94 size = 1, maxSize = 32, parentContextCount = 0, hitCount = 7, missCount = 1]
-2025-09-08 16:44:52.798 -DEBUG 92165 --- [           main] org.springframework.test.context.cache   : Spring test ApplicationContext cache statistics: [DefaultContextCache@69c7fb94 size = 1, maxSize = 32, parentContextCount = 0, hitCount = 8, missCount = 1]
-2025-09-08 16:44:52.798 -DEBUG 92165 --- [           main] org.springframework.test.context.cache   : Spring test ApplicationContext cache statistics: [DefaultContextCache@69c7fb94 size = 1, maxSize = 32, parentContextCount = 0, hitCount = 9, missCount = 1]
-2025-09-08 16:44:52.798 -DEBUG 92165 --- [           main] org.springframework.test.context.cache   : Spring test ApplicationContext cache statistics: [DefaultContextCache@69c7fb94 size = 1, maxSize = 32, parentContextCount = 0, hitCount = 10, missCount = 1]
-2025-09-08 16:44:52.799 -DEBUG 92165 --- [           main] org.springframework.test.context.cache   : Spring test ApplicationContext cache statistics: [DefaultContextCache@69c7fb94 size = 1, maxSize = 32, parentContextCount = 0, hitCount = 11, missCount = 1]
-2025-09-08 16:44:52.799 -DEBUG 92165 --- [           main] org.springframework.test.context.cache   : Spring test ApplicationContext cache statistics: [DefaultContextCache@69c7fb94 size = 1, maxSize = 32, parentContextCount = 0, hitCount = 12, missCount = 1]
-2025-09-08 16:44:52.800 -DEBUG 92165 --- [           main] .c.s.DirtiesContextTestExecutionListener : After test method: class [IntegratedServicesApplicationTests], method [contextLoads], class annotated with @DirtiesContext [false] with mode [null], method annotated with @DirtiesContext [false] with mode [null]
-2025-09-08 16:44:52.800 -DEBUG 92165 --- [           main] o.s.t.c.w.ServletTestExecutionListener   : Resetting RequestContextHolder for test class com.enterprise.integrated.IntegratedServicesApplicationTests
-]]></system-out>
  </testcase>
</testsuite>